<?xml version="1.0" ?><testsuite name="at.fhooe.swe4.slidingpuzzle.SlidingPuzzleSolverTest" time="1.269" timestamp="2022-05-05T20:23:32" tests="7" failures="0" skipped="0" aborted="0"><properties>
[...]
</properties><testcase classname="at.fhooe.swe4.slidingpuzzle.SlidingPuzzleSolverTest" name="solveSimplePuzzleTest_4x4()" time="0.001"></testcase><testcase classname="at.fhooe.swe4.slidingpuzzle.SlidingPuzzleSolverTest" name="solveRandomPuzzlesTest()" time="1.136"></testcase><testcase classname="at.fhooe.swe4.slidingpuzzle.SlidingPuzzleSolverTest" name="solveSimplePuzzleTest2()" time="0.0"></testcase><testcase classname="at.fhooe.swe4.slidingpuzzle.SlidingPuzzleSolverTest" name="solveComplexPuzzleTest1()" time="0.113"></testcase><testcase classname="at.fhooe.swe4.slidingpuzzle.SlidingPuzzleSolverTest" name="solveComplexPuzzleTest_4x4()" time="0.008"></testcase><testcase classname="at.fhooe.swe4.slidingpuzzle.SlidingPuzzleSolverTest" name="printMoves()" time="0.001"></testcase><testcase classname="at.fhooe.swe4.slidingpuzzle.SlidingPuzzleSolverTest" name="solveSimplePuzzleTest1()" time="0.001"></testcase><system-out>1	3	6	
4	2	8	
7	5	0	

1	3	6	
4	2	0	
7	5	8	

1	3	0	
4	2	6	
7	5	8	

1	0	3	
4	2	6	
7	5	8	

1	2	3	
4	0	6	
7	5	8	

1	2	3	
4	5	6	
7	0	8	

1	2	3	
4	5	6	
7	8	0	

</system-out></testsuite>