<?xml version="1.0" ?><testsuite name="swe4hue.PQueueTest" time="0.042" timestamp="2022-04-06T19:00:54" tests="4" failures="0" skipped="0" aborted="0"><properties>
[...]
</properties><testcase classname="swe4hue.PQueueTest" name="isEmpty()" time="0.0"></testcase><testcase classname="swe4hue.PQueueTest" name="dequeue()" time="0.0"></testcase><testcase classname="swe4hue.PQueueTest" name="peek()" time="0.0"></testcase><testcase classname="swe4hue.PQueueTest" name="enqueue()" time="0.008"></testcase></testsuite>